<?xml version="1.0" encoding="UTF-8"?>
<!-- Generated by org.testng.reporters.JUnitXMLReporter -->
<testsuite ignored="0" hostname="DESKTOP-PVNJI3N" failures="0" tests="3" name="Default test" time="97.8" errors="0" timestamp="2023-09-12T16:32:55 IST">
  <testcase classname="testscripts.TestOrangeHrmPim" name="testPimCreation" time="14.776"/>
  <testcase classname="testscripts.TestOrangeHrmPim" name="testPimEdit" time="14.111"/>
  <testcase classname="testscripts.TestOrangeHrmPim" name="testPimDeletion" time="14.058"/>
</testsuite> <!-- Default test -->
