<?xml version="1.0" encoding="UTF-8"?>
<testng-results skipped="0" failed="0" ignored="0" total="2" passed="2">
  <reporter-output>
  </reporter-output>
  <suite name="Regression Suite" duration-ms="57860" started-at="2023-09-07T09:03:43 IST" finished-at="2023-09-07T09:04:41 IST">
    <groups>
    </groups>
    <test name="TestOrangeHRMPIM" duration-ms="57860" started-at="2023-09-07T09:03:43 IST" finished-at="2023-09-07T09:04:41 IST">
      <class name="testscripts.TestOrangeHrmPim">
        <test-method status="PASS" signature="precondition()[pri:0, instance:testscripts.TestOrangeHrmPim@61f8bee4]" name="precondition" is-config="true" duration-ms="17812" started-at="2023-09-07T09:03:43 IST" finished-at="2023-09-07T09:04:01 IST">
          <reporter-output>
          </reporter-output>
        </test-method> <!-- precondition -->
        <test-method status="PASS" signature="testPimCreation()[pri:0, instance:testscripts.TestOrangeHrmPim@61f8bee4]" name="testPimCreation" duration-ms="13162" started-at="2023-09-07T09:04:01 IST" finished-at="2023-09-07T09:04:14 IST">
          <reporter-output>
          </reporter-output>
        </test-method> <!-- testPimCreation -->
        <test-method status="PASS" signature="postcondition()[pri:0, instance:testscripts.TestOrangeHrmPim@61f8bee4]" name="postcondition" is-config="true" duration-ms="1559" started-at="2023-09-07T09:04:14 IST" finished-at="2023-09-07T09:04:15 IST">
          <reporter-output>
          </reporter-output>
        </test-method> <!-- postcondition -->
        <test-method status="PASS" signature="precondition()[pri:0, instance:testscripts.TestOrangeHrmPim@61f8bee4]" name="precondition" is-config="true" duration-ms="11189" started-at="2023-09-07T09:04:15 IST" finished-at="2023-09-07T09:04:27 IST">
          <reporter-output>
          </reporter-output>
        </test-method> <!-- precondition -->
        <test-method status="PASS" signature="testPimDeletion()[pri:0, instance:testscripts.TestOrangeHrmPim@61f8bee4]" name="testPimDeletion" duration-ms="12429" started-at="2023-09-07T09:04:27 IST" depends-on-methods="testscripts.TestOrangeHrmPim.testPimCreation" finished-at="2023-09-07T09:04:39 IST">
          <reporter-output>
          </reporter-output>
        </test-method> <!-- testPimDeletion -->
        <test-method status="PASS" signature="postcondition()[pri:0, instance:testscripts.TestOrangeHrmPim@61f8bee4]" name="postcondition" is-config="true" duration-ms="1640" started-at="2023-09-07T09:04:39 IST" finished-at="2023-09-07T09:04:41 IST">
          <reporter-output>
          </reporter-output>
        </test-method> <!-- postcondition -->
      </class> <!-- testscripts.TestOrangeHrmPim -->
    </test> <!-- TestOrangeHRMPIM -->
  </suite> <!-- Regression Suite -->
</testng-results>
