<?xml version="1.0" encoding="UTF-8"?>
<testsuite xmlns:xsi="http://www.w3.org/2001/XMLSchema-instance" xsi:schemaLocation="https://maven.apache.org/surefire/maven-surefire-plugin/xsd/surefire-test-report.xsd" name="TestSuite" time="60.119" tests="2" errors="0" skipped="0" failures="0">
  <properties>
[...]
</properties>
  <testcase name="testPimCreation" classname="testscripts.TestOrangeHrmPim" time="12.761"/>
  <testcase name="testPimDeletion" classname="testscripts.TestOrangeHrmPim" time="12.429"/>
</testsuite>