<?xml version="1.0" encoding="UTF-8"?>
<testng-results ignored="0" total="3" passed="3" failed="0" skipped="0">
  <reporter-output>
  </reporter-output>
  <suite started-at="2023-09-12T16:31:17 IST" name="Default suite" finished-at="2023-09-12T16:32:55 IST" duration-ms="97800">
    <groups>
    </groups>
    <test started-at="2023-09-12T16:31:17 IST" name="Default test" finished-at="2023-09-12T16:32:55 IST" duration-ms="97800">
      <class name="testscripts.TestOrangeHrmPim">
        <test-method is-config="true" signature="precondition()[pri:0, instance:testscripts.TestOrangeHrmPim@6fd83fc1]" started-at="2023-09-12T16:31:18 IST" name="precondition" finished-at="2023-09-12T16:31:35 IST" duration-ms="17577" status="PASS">
          <reporter-output>
          </reporter-output>
        </test-method> <!-- precondition -->
        <test-method signature="testPimCreation()[pri:1, instance:testscripts.TestOrangeHrmPim@6fd83fc1]" started-at="2023-09-12T16:31:35 IST" name="testPimCreation" finished-at="2023-09-12T16:31:50 IST" duration-ms="14776" status="PASS">
          <reporter-output>
          </reporter-output>
        </test-method> <!-- testPimCreation -->
        <test-method is-config="true" signature="postcondition()[pri:0, instance:testscripts.TestOrangeHrmPim@6fd83fc1]" started-at="2023-09-12T16:31:50 IST" name="postcondition" finished-at="2023-09-12T16:31:51 IST" duration-ms="1263" status="PASS">
          <reporter-output>
          </reporter-output>
        </test-method> <!-- postcondition -->
        <test-method is-config="true" signature="precondition()[pri:0, instance:testscripts.TestOrangeHrmPim@6fd83fc1]" started-at="2023-09-12T16:31:51 IST" name="precondition" finished-at="2023-09-12T16:32:08 IST" duration-ms="16711" status="PASS">
          <reporter-output>
          </reporter-output>
        </test-method> <!-- precondition -->
        <test-method signature="testPimEdit()[pri:2, instance:testscripts.TestOrangeHrmPim@6fd83fc1]" started-at="2023-09-12T16:32:08 IST" name="testPimEdit" finished-at="2023-09-12T16:32:22 IST" duration-ms="14111" status="PASS">
          <reporter-output>
          </reporter-output>
        </test-method> <!-- testPimEdit -->
        <test-method is-config="true" signature="postcondition()[pri:0, instance:testscripts.TestOrangeHrmPim@6fd83fc1]" started-at="2023-09-12T16:32:22 IST" name="postcondition" finished-at="2023-09-12T16:32:24 IST" duration-ms="1652" status="PASS">
          <reporter-output>
          </reporter-output>
        </test-method> <!-- postcondition -->
        <test-method is-config="true" signature="precondition()[pri:0, instance:testscripts.TestOrangeHrmPim@6fd83fc1]" started-at="2023-09-12T16:32:24 IST" name="precondition" finished-at="2023-09-12T16:32:40 IST" duration-ms="16065" status="PASS">
          <reporter-output>
          </reporter-output>
        </test-method> <!-- precondition -->
        <test-method signature="testPimDeletion()[pri:3, instance:testscripts.TestOrangeHrmPim@6fd83fc1]" started-at="2023-09-12T16:32:40 IST" name="testPimDeletion" finished-at="2023-09-12T16:32:54 IST" duration-ms="14058" status="PASS">
          <reporter-output>
          </reporter-output>
        </test-method> <!-- testPimDeletion -->
        <test-method is-config="true" signature="postcondition()[pri:0, instance:testscripts.TestOrangeHrmPim@6fd83fc1]" started-at="2023-09-12T16:32:54 IST" name="postcondition" finished-at="2023-09-12T16:32:55 IST" duration-ms="1472" status="PASS">
          <reporter-output>
          </reporter-output>
        </test-method> <!-- postcondition -->
      </class> <!-- testscripts.TestOrangeHrmPim -->
    </test> <!-- Default test -->
  </suite> <!-- Default suite -->
</testng-results>
